<html>
<head>
    <title>TestNG: Test</title>
    <link href="../testng.css" rel="stylesheet" type="text/css"/>
    <link href="../my-testng.css" rel="stylesheet" type="text/css"/>

    <style type="text/css">
        .log {
            display: none;
        }

        .stack-trace {
            display: none;
        }
    </style>
    <script type="text/javascript">
        <!--
        function flip(e) {
            current = e.style.display;
            if (current == 'block') {
                e.style.display = 'none';
                return 0;
            } else {
                e.style.display = 'block';
                return 1;
            }
        }

        function toggleBox(szDivId, elem, msg1, msg2) {
            var res = -1;
            if (document.getElementById) {
                res = flip(document.getElementById(szDivId));
            } else if (document.all) {
                // this is the way old msie versions work
                res = flip(document.all[szDivId]);
            }
            if (elem) {
                if (res == 0) elem.innerHTML = msg1; else elem.innerHTML = msg2;
            }

        }

        function toggleAllBoxes() {
            if (document.getElementsByTagName) {
                d = document.getElementsByTagName('div');
                for (i = 0; i < d.length; i++) {
                    if (d[i].className == 'log') {
                        flip(d[i]);
                    }
                }
            }
        }

        // -->
    </script>

</head>
<body>
<h2 align='center'>Test</h2>
<table border='1' align="center">
    <tr>
        <td>Tests passed/Failed/Skipped:</td>
        <td>38/2/0</td>
    </tr>
    <tr>
        <td>Started on:</td>
        <td>Wed Nov 21 14:42:18 EST 2018</td>
    </tr>
    <tr>
        <td>Total time:</td>
        <td>362 seconds (362595 ms)</td>
    </tr>
    <tr>
        <td>Included groups:</td>
        <td></td>
    </tr>
    <tr>
        <td>Excluded groups:</td>
        <td></td>
    </tr>
</table>
<p/>
<small><i>(Hover the method name to see the test class name)</i></small>
<p/>
<table width='100%' border='1' class='invocation-failed'>
    <tr>
        <td colspan='4' align='center'><b>FAILED TESTS</b></td>
    </tr>
    <tr>
        <td><b>Test method</b></td>
        <td width="30%"><b>Exception</b></td>
        <td width="10%"><b>Time (seconds)</b></td>
        <td><b>Instance</b></td>
    </tr>
    <tr>
        <td title='com.motioncore.automationtests.IntegrationTest.tmContractorTaskAssignment()'><b>tmContractorTaskAssignment</b><br>Test
            class: com.motioncore.automationtests.IntegrationTest ()
        </td>
        <td>
            <div><pre>org.openqa.selenium.StaleElementReferenceException: stale element reference: element is not attached to the page document
  (Session info: chrome=70.0.3538.102)
  (Driver info: chromedriver=71.0.3578.33 (269aa0e3f0db08097f0fe231c7e6be200b6939f7),platform=Windows NT 6.1.7601 SP1 x86_64) (WARNING: The server did not provide any stacktrace information)
Command duration or timeout: 0 milliseconds
For documentation on this error, please visit: http://seleniumhq.org/exceptions/stale_element_reference.html
Build info: version: &apos;3.12.0&apos;, revision: &apos;7c6e0b3&apos;, time: &apos;2018-05-08T14:04:26.12Z&apos;
System info: host: &apos;PC-267&apos;, ip: &apos;192.168.2.192&apos;, os.name: &apos;Windows 7&apos;, os.arch: &apos;amd64&apos;, os.version: &apos;6.1&apos;, java.version: &apos;1.8.0_141&apos;
Driver info: org.openqa.selenium.chrome.ChromeDriver
Capabilities {acceptInsecureCerts: false, acceptSslCerts: false, applicationCacheEnabled: false, browserConnectionEnabled: false, browserName: chrome, chrome: {chromedriverVersion: 71.0.3578.33 (269aa0e3f0db0..., userDataDir: C:\Users\nperez\AppData\Loc...}, cssSelectorsEnabled: true, databaseEnabled: false, goog:chromeOptions: {debuggerAddress: localhost:59117}, handlesAlerts: true, hasTouchScreen: false, javascriptEnabled: true, locationContextEnabled: true, mobileEmulationEnabled: false, nativeEvents: true, networkConnectionEnabled: false, pageLoadStrategy: normal, platform: XP, platformName: XP, rotatable: false, setWindowRect: true, takesHeapSnapshot: true, takesScreenshot: true, unexpectedAlertBehaviour: ignore, unhandledPromptBehavior: ignore, version: 70.0.3538.102, webStorageEnabled: true}
Session ID: bb47aaed399c730ddd7a7281124a1c9a
	at org.openqa.selenium.remote.ErrorHandler.createThrowable(ErrorHandler.java:214)
	at org.openqa.selenium.remote.ErrorHandler.throwIfResponseFailed(ErrorHandler.java:166)
	at org.openqa.selenium.remote.http.JsonHttpResponseCodec.reconstructValue(JsonHttpResponseCodec.java:40)
	at org.openqa.selenium.remote.http.AbstractHttpResponseCodec.decode(AbstractHttpResponseCodec.java:80)
	at org.openqa.selenium.remote.http.AbstractHttpResponseCodec.decode(AbstractHttpResponseCodec.java:44)
	at org.openqa.selenium.remote.HttpCommandExecutor.execute(HttpCommandExecutor.java:158)
	at org.openqa.selenium.remote.service.DriverCommandExecutor.execute(DriverCommandExecutor.java:83)
	at org.openqa.selenium.remote.RemoteWebDriver.execute(RemoteWebDriver.java:543)
	at org.openqa.selenium.remote.RemoteWebElement.execute(RemoteWebElement.java:276)
	at org.openqa.selenium.remote.RemoteWebElement.isDisplayed(RemoteWebElement.java:317)
	at com.motioncore.automatedactions.WebDriverActions.click(WebDriverActions.java:203)
	at com.motioncore.automationtests.IntegrationTest.tmContractorTaskAssignment(IntegrationTest.java:638)
... Removed 28 stack frames</pre>
            </div>
            <a href='#'
               onClick='toggleBox("stack-trace2144173969", this, "Click to show all stack frames", "Click to hide stack frames")'>Click
                to show all stack frames</a>
            <div class='stack-trace' id='stack-trace2144173969'><pre>org.openqa.selenium.StaleElementReferenceException: stale element reference: element is not attached to the page document
  (Session info: chrome=70.0.3538.102)
  (Driver info: chromedriver=71.0.3578.33 (269aa0e3f0db08097f0fe231c7e6be200b6939f7),platform=Windows NT 6.1.7601 SP1 x86_64) (WARNING: The server did not provide any stacktrace information)
Command duration or timeout: 0 milliseconds
For documentation on this error, please visit: http://seleniumhq.org/exceptions/stale_element_reference.html
Build info: version: &apos;3.12.0&apos;, revision: &apos;7c6e0b3&apos;, time: &apos;2018-05-08T14:04:26.12Z&apos;
System info: host: &apos;PC-267&apos;, ip: &apos;192.168.2.192&apos;, os.name: &apos;Windows 7&apos;, os.arch: &apos;amd64&apos;, os.version: &apos;6.1&apos;, java.version: &apos;1.8.0_141&apos;
Driver info: org.openqa.selenium.chrome.ChromeDriver
Capabilities {acceptInsecureCerts: false, acceptSslCerts: false, applicationCacheEnabled: false, browserConnectionEnabled: false, browserName: chrome, chrome: {chromedriverVersion: 71.0.3578.33 (269aa0e3f0db0..., userDataDir: C:\Users\nperez\AppData\Loc...}, cssSelectorsEnabled: true, databaseEnabled: false, goog:chromeOptions: {debuggerAddress: localhost:59117}, handlesAlerts: true, hasTouchScreen: false, javascriptEnabled: true, locationContextEnabled: true, mobileEmulationEnabled: false, nativeEvents: true, networkConnectionEnabled: false, pageLoadStrategy: normal, platform: XP, platformName: XP, rotatable: false, setWindowRect: true, takesHeapSnapshot: true, takesScreenshot: true, unexpectedAlertBehaviour: ignore, unhandledPromptBehavior: ignore, version: 70.0.3538.102, webStorageEnabled: true}
Session ID: bb47aaed399c730ddd7a7281124a1c9a
	at sun.reflect.NativeConstructorAccessorImpl.newInstance0(Native Method)
	at sun.reflect.NativeConstructorAccessorImpl.newInstance(NativeConstructorAccessorImpl.java:62)
	at sun.reflect.DelegatingConstructorAccessorImpl.newInstance(DelegatingConstructorAccessorImpl.java:45)
	at java.lang.reflect.Constructor.newInstance(Constructor.java:423)
	at org.openqa.selenium.remote.ErrorHandler.createThrowable(ErrorHandler.java:214)
	at org.openqa.selenium.remote.ErrorHandler.throwIfResponseFailed(ErrorHandler.java:166)
	at org.openqa.selenium.remote.http.JsonHttpResponseCodec.reconstructValue(JsonHttpResponseCodec.java:40)
	at org.openqa.selenium.remote.http.AbstractHttpResponseCodec.decode(AbstractHttpResponseCodec.java:80)
	at org.openqa.selenium.remote.http.AbstractHttpResponseCodec.decode(AbstractHttpResponseCodec.java:44)
	at org.openqa.selenium.remote.HttpCommandExecutor.execute(HttpCommandExecutor.java:158)
	at org.openqa.selenium.remote.service.DriverCommandExecutor.execute(DriverCommandExecutor.java:83)
	at org.openqa.selenium.remote.RemoteWebDriver.execute(RemoteWebDriver.java:543)
	at org.openqa.selenium.remote.RemoteWebElement.execute(RemoteWebElement.java:276)
	at org.openqa.selenium.remote.RemoteWebElement.isDisplayed(RemoteWebElement.java:317)
	at com.motioncore.automatedactions.WebDriverActions.click(WebDriverActions.java:203)
	at com.motioncore.automationtests.IntegrationTest.tmContractorTaskAssignment(IntegrationTest.java:638)
	at sun.reflect.NativeMethodAccessorImpl.invoke0(Native Method)
	at sun.reflect.NativeMethodAccessorImpl.invoke(NativeMethodAccessorImpl.java:62)
	at sun.reflect.DelegatingMethodAccessorImpl.invoke(DelegatingMethodAccessorImpl.java:43)
	at java.lang.reflect.Method.invoke(Method.java:498)
	at org.testng.internal.MethodInvocationHelper.invokeMethod(MethodInvocationHelper.java:86)
	at org.testng.internal.Invoker.invokeMethod(Invoker.java:643)
	at org.testng.internal.Invoker.invokeTestMethod(Invoker.java:820)
	at org.testng.internal.Invoker.invokeTestMethods(Invoker.java:1128)
	at org.testng.internal.TestMethodWorker.invokeTestMethods(TestMethodWorker.java:129)
	at org.testng.internal.TestMethodWorker.run(TestMethodWorker.java:112)
	at org.testng.TestRunner.privateRun(TestRunner.java:782)
	at org.testng.TestRunner.run(TestRunner.java:632)
	at org.testng.SuiteRunner.runTest(SuiteRunner.java:366)
	at org.testng.SuiteRunner.runSequentially(SuiteRunner.java:361)
	at org.testng.SuiteRunner.privateRun(SuiteRunner.java:319)
	at org.testng.SuiteRunner.run(SuiteRunner.java:268)
	at org.testng.SuiteRunnerWorker.runSuite(SuiteRunnerWorker.java:52)
	at org.testng.SuiteRunnerWorker.run(SuiteRunnerWorker.java:86)
	at org.testng.TestNG.runSuitesSequentially(TestNG.java:1244)
	at org.testng.TestNG.runSuitesLocally(TestNG.java:1169)
	at org.testng.TestNG.run(TestNG.java:1064)
	at org.testng.remote.AbstractRemoteTestNG.run(AbstractRemoteTestNG.java:114)
	at org.testng.remote.RemoteTestNG.initAndRun(RemoteTestNG.java:251)
	at org.testng.remote.RemoteTestNG.main(RemoteTestNG.java:77)
</pre>
            </div>
        </td>
        <td>92</td>
        <td>com.motioncore.automationtests.IntegrationTest@106faf11</td>
    </tr>
    <tr>
        <td title='com.motioncore.automationtests.IntegrationTest.tmTaskAssignment()'><b>tmTaskAssignment</b><br>Test
            class: com.motioncore.automationtests.IntegrationTest ()
        </td>
        <td>
            <div><pre>com.motioncore.customexceptions.ElementNotPresentException: Element is not present in DOM : (//li/a[@ng-if=&apos;contractorOption.id &gt; 0&apos;])[1]
	at com.motioncore.automatedactions.WebDriverActions.click(WebDriverActions.java:221)
	at com.motioncore.automationtests.IntegrationTest.tmTaskAssignment(IntegrationTest.java:605)
... Removed 24 stack frames</pre>
            </div>
            <a href='#'
               onClick='toggleBox("stack-trace1141219342", this, "Click to show all stack frames", "Click to hide stack frames")'>Click
                to show all stack frames</a>
            <div class='stack-trace' id='stack-trace1141219342'><pre>com.motioncore.customexceptions.ElementNotPresentException: Element is not present in DOM : (//li/a[@ng-if=&apos;contractorOption.id &gt; 0&apos;])[1]
	at com.motioncore.automatedactions.WebDriverActions.click(WebDriverActions.java:221)
	at com.motioncore.automationtests.IntegrationTest.tmTaskAssignment(IntegrationTest.java:605)
	at sun.reflect.NativeMethodAccessorImpl.invoke0(Native Method)
	at sun.reflect.NativeMethodAccessorImpl.invoke(NativeMethodAccessorImpl.java:62)
	at sun.reflect.DelegatingMethodAccessorImpl.invoke(DelegatingMethodAccessorImpl.java:43)
	at java.lang.reflect.Method.invoke(Method.java:498)
	at org.testng.internal.MethodInvocationHelper.invokeMethod(MethodInvocationHelper.java:86)
	at org.testng.internal.Invoker.invokeMethod(Invoker.java:643)
	at org.testng.internal.Invoker.invokeTestMethod(Invoker.java:820)
	at org.testng.internal.Invoker.invokeTestMethods(Invoker.java:1128)
	at org.testng.internal.TestMethodWorker.invokeTestMethods(TestMethodWorker.java:129)
	at org.testng.internal.TestMethodWorker.run(TestMethodWorker.java:112)
	at org.testng.TestRunner.privateRun(TestRunner.java:782)
	at org.testng.TestRunner.run(TestRunner.java:632)
	at org.testng.SuiteRunner.runTest(SuiteRunner.java:366)
	at org.testng.SuiteRunner.runSequentially(SuiteRunner.java:361)
	at org.testng.SuiteRunner.privateRun(SuiteRunner.java:319)
	at org.testng.SuiteRunner.run(SuiteRunner.java:268)
	at org.testng.SuiteRunnerWorker.runSuite(SuiteRunnerWorker.java:52)
	at org.testng.SuiteRunnerWorker.run(SuiteRunnerWorker.java:86)
	at org.testng.TestNG.runSuitesSequentially(TestNG.java:1244)
	at org.testng.TestNG.runSuitesLocally(TestNG.java:1169)
	at org.testng.TestNG.run(TestNG.java:1064)
	at org.testng.remote.AbstractRemoteTestNG.run(AbstractRemoteTestNG.java:114)
	at org.testng.remote.RemoteTestNG.initAndRun(RemoteTestNG.java:251)
	at org.testng.remote.RemoteTestNG.main(RemoteTestNG.java:77)
</pre>
            </div>
        </td>
        <td>10</td>
        <td>com.motioncore.automationtests.IntegrationTest@106faf11</td>
    </tr>
</table>
<p>
<table width='100%' border='1' class='invocation-passed'>
    <tr>
        <td colspan='4' align='center'><b>PASSED TESTS</b></td>
    </tr>
    <tr>
        <td><b>Test method</b></td>
        <td width="30%"><b>Exception</b></td>
        <td width="10%"><b>Time (seconds)</b></td>
        <td><b>Instance</b></td>
    </tr>
    <tr>
        <td title='com.motioncore.automationtests.IntegrationTest.accesForgotPasswordPage()'>
            <b>accesForgotPasswordPage</b><br>Test class: com.motioncore.automationtests.IntegrationTest ()
        </td>
        <td></td>
        <td>0</td>
        <td>com.motioncore.automationtests.IntegrationTest@106faf11</td>
    </tr>
    <tr>
        <td title='com.motioncore.automationtests.IntegrationTest.accesLoginPage()'><b>accesLoginPage</b><br>Test class:
            com.motioncore.automationtests.IntegrationTest ()
        </td>
        <td></td>
        <td>1</td>
        <td>com.motioncore.automationtests.IntegrationTest@106faf11</td>
    </tr>
    <tr>
        <td title='com.motioncore.automationtests.IntegrationTest.accessApplicationsPage()'>
            <b>accessApplicationsPage</b><br>Test class: com.motioncore.automationtests.IntegrationTest ()
        </td>
        <td></td>
        <td>5</td>
        <td>com.motioncore.automationtests.IntegrationTest@106faf11</td>
    </tr>
    <tr>
        <td title='com.motioncore.automationtests.IntegrationTest.accessCCAdminPage()'><b>accessCCAdminPage</b><br>Test
            class: com.motioncore.automationtests.IntegrationTest ()
        </td>
        <td></td>
        <td>1</td>
        <td>com.motioncore.automationtests.IntegrationTest@106faf11</td>
    </tr>
    <tr>
        <td title='com.motioncore.automationtests.IntegrationTest.accessContractorsPage()'>
            <b>accessContractorsPage</b><br>Test class: com.motioncore.automationtests.IntegrationTest ()
        </td>
        <td></td>
        <td>1</td>
        <td>com.motioncore.automationtests.IntegrationTest@106faf11</td>
    </tr>
    <tr>
        <td title='com.motioncore.automationtests.IntegrationTest.accessControlCenterPage()'>
            <b>accessControlCenterPage</b><br>Test class: com.motioncore.automationtests.IntegrationTest ()
        </td>
        <td></td>
        <td>1</td>
        <td>com.motioncore.automationtests.IntegrationTest@106faf11</td>
    </tr>
    <tr>
        <td title='com.motioncore.automationtests.IntegrationTest.accessCustomersPage()'><b>accessCustomersPage</b><br>Test
            class: com.motioncore.automationtests.IntegrationTest ()
        </td>
        <td></td>
        <td>1</td>
        <td>com.motioncore.automationtests.IntegrationTest@106faf11</td>
    </tr>
    <tr>
        <td title='com.motioncore.automationtests.IntegrationTest.accessFelixbleWorkflowSetupPage()'><b>accessFelixbleWorkflowSetupPage</b><br>Test
            class: com.motioncore.automationtests.IntegrationTest ()
        </td>
        <td></td>
        <td>5</td>
        <td>com.motioncore.automationtests.IntegrationTest@106faf11</td>
    </tr>
    <tr>
        <td title='com.motioncore.automationtests.IntegrationTest.accessGroupAdministrationPage()'><b>accessGroupAdministrationPage</b><br>Test
            class: com.motioncore.automationtests.IntegrationTest ()
        </td>
        <td></td>
        <td>1</td>
        <td>com.motioncore.automationtests.IntegrationTest@106faf11</td>
    </tr>
    <tr>
        <td title='com.motioncore.automationtests.IntegrationTest.accessProjectConfigPage()'>
            <b>accessProjectConfigPage</b><br>Test class: com.motioncore.automationtests.IntegrationTest ()
        </td>
        <td></td>
        <td>5</td>
        <td>com.motioncore.automationtests.IntegrationTest@106faf11</td>
    </tr>
    <tr>
        <td title='com.motioncore.automationtests.IntegrationTest.accessUserAdministrationPage()'><b>accessUserAdministrationPage</b><br>Test
            class: com.motioncore.automationtests.IntegrationTest ()
        </td>
        <td></td>
        <td>1</td>
        <td>com.motioncore.automationtests.IntegrationTest@106faf11</td>
    </tr>
    <tr>
        <td title='com.motioncore.automationtests.IntegrationTest.accessUserAuditEventsPage()'><b>accessUserAuditEventsPage</b><br>Test
            class: com.motioncore.automationtests.IntegrationTest ()
        </td>
        <td></td>
        <td>1</td>
        <td>com.motioncore.automationtests.IntegrationTest@106faf11</td>
    </tr>
    <tr>
        <td title='com.motioncore.automationtests.IntegrationTest.contractorBannedTermsAccess()'><b>contractorBannedTermsAccess</b><br>Test
            class: com.motioncore.automationtests.IntegrationTest ()
        </td>
        <td></td>
        <td>12</td>
        <td>com.motioncore.automationtests.IntegrationTest@106faf11</td>
    </tr>
    <tr>
        <td title='com.motioncore.automationtests.IntegrationTest.contractorNonTranslatablesAccess()'><b>contractorNonTranslatablesAccess</b><br>Test
            class: com.motioncore.automationtests.IntegrationTest ()
        </td>
        <td></td>
        <td>18</td>
        <td>com.motioncore.automationtests.IntegrationTest@106faf11</td>
    </tr>
    <tr>
        <td title='com.motioncore.automationtests.IntegrationTest.contractorReportsAccess()'>
            <b>contractorReportsAccess</b><br>Test class: com.motioncore.automationtests.IntegrationTest ()
        </td>
        <td></td>
        <td>13</td>
        <td>com.motioncore.automationtests.IntegrationTest@106faf11</td>
    </tr>
    <tr>
        <td title='com.motioncore.automationtests.IntegrationTest.reviewerAction()'><b>reviewerAction</b><br>Test class:
            com.motioncore.automationtests.IntegrationTest ()
        </td>
        <td></td>
        <td>21</td>
        <td>com.motioncore.automationtests.IntegrationTest@106faf11</td>
    </tr>
    <tr>
        <td title='com.motioncore.automationtests.IntegrationTest.tamLogin()'><b>tamLogin</b><br>Test class:
            com.motioncore.automationtests.IntegrationTest ()
        </td>
        <td></td>
        <td>6</td>
        <td>com.motioncore.automationtests.IntegrationTest@106faf11</td>
    </tr>
    <tr>
        <td title='com.motioncore.automationtests.IntegrationTest.tmAdminToolsAccess()'><b>tmAdminToolsAccess</b><br>Test
            class: com.motioncore.automationtests.IntegrationTest ()
        </td>
        <td></td>
        <td>8</td>
        <td>com.motioncore.automationtests.IntegrationTest@106faf11</td>
    </tr>
    <tr>
        <td title='com.motioncore.automationtests.IntegrationTest.tmChangePasswordLink()'>
            <b>tmChangePasswordLink</b><br>Test class: com.motioncore.automationtests.IntegrationTest ()
        </td>
        <td></td>
        <td>7</td>
        <td>com.motioncore.automationtests.IntegrationTest@106faf11</td>
    </tr>
    <tr>
        <td title='com.motioncore.automationtests.IntegrationTest.tmComponents()'><b>tmComponents</b><br>Test class:
            com.motioncore.automationtests.IntegrationTest ()
        </td>
        <td></td>
        <td>13</td>
        <td>com.motioncore.automationtests.IntegrationTest@106faf11</td>
    </tr>
    <tr>
        <td title='com.motioncore.automationtests.IntegrationTest.tmFeedbackDashboardAccess()'><b>tmFeedbackDashboardAccess</b><br>Test
            class: com.motioncore.automationtests.IntegrationTest ()
        </td>
        <td></td>
        <td>5</td>
        <td>com.motioncore.automationtests.IntegrationTest@106faf11</td>
    </tr>
    <tr>
        <td title='com.motioncore.automationtests.IntegrationTest.tmGlossaryPageAccess()'>
            <b>tmGlossaryPageAccess</b><br>Test class: com.motioncore.automationtests.IntegrationTest ()
        </td>
        <td></td>
        <td>7</td>
        <td>com.motioncore.automationtests.IntegrationTest@106faf11</td>
    </tr>
    <tr>
        <td title='com.motioncore.automationtests.IntegrationTest.tmHelpLink()'><b>tmHelpLink</b><br>Test class:
            com.motioncore.automationtests.IntegrationTest ()
        </td>
        <td></td>
        <td>4</td>
        <td>com.motioncore.automationtests.IntegrationTest@106faf11</td>
    </tr>
    <tr>
        <td title='com.motioncore.automationtests.IntegrationTest.tmImpersonateUserLink()'>
            <b>tmImpersonateUserLink</b><br>Test class: com.motioncore.automationtests.IntegrationTest ()
        </td>
        <td></td>
        <td>7</td>
        <td>com.motioncore.automationtests.IntegrationTest@106faf11</td>
    </tr>
    <tr>
        <td title='com.motioncore.automationtests.IntegrationTest.tmLiveEditAccess()'><b>tmLiveEditAccess</b><br>Test
            class: com.motioncore.automationtests.IntegrationTest ()
        </td>
        <td></td>
        <td>10</td>
        <td>com.motioncore.automationtests.IntegrationTest@106faf11</td>
    </tr>
    <tr>
        <td title='com.motioncore.automationtests.IntegrationTest.tmMediaBenchLink()'><b>tmMediaBenchLink</b><br>Test
            class: com.motioncore.automationtests.IntegrationTest ()
        </td>
        <td></td>
        <td>6</td>
        <td>com.motioncore.automationtests.IntegrationTest@106faf11</td>
    </tr>
    <tr>
        <td title='com.motioncore.automationtests.IntegrationTest.tmProductFeedbackLink()'>
            <b>tmProductFeedbackLink</b><br>Test class: com.motioncore.automationtests.IntegrationTest ()
        </td>
        <td></td>
        <td>0</td>
        <td>com.motioncore.automationtests.IntegrationTest@106faf11</td>
    </tr>
    <tr>
        <td title='com.motioncore.automationtests.IntegrationTest.tmSegmentSearchAccess()'>
            <b>tmSegmentSearchAccess</b><br>Test class: com.motioncore.automationtests.IntegrationTest ()
        </td>
        <td></td>
        <td>3</td>
        <td>com.motioncore.automationtests.IntegrationTest@106faf11</td>
    </tr>
    <tr>
        <td title='com.motioncore.automationtests.IntegrationTest.tmTextBenchSettingsAccess()'><b>tmTextBenchSettingsAccess</b><br>Test
            class: com.motioncore.automationtests.IntegrationTest ()
        </td>
        <td></td>
        <td>7</td>
        <td>com.motioncore.automationtests.IntegrationTest@106faf11</td>
    </tr>
    <tr>
        <td title='com.motioncore.automationtests.IntegrationTest.tmUserProfileLink()'><b>tmUserProfileLink</b><br>Test
            class: com.motioncore.automationtests.IntegrationTest ()
        </td>
        <td></td>
        <td>5</td>
        <td>com.motioncore.automationtests.IntegrationTest@106faf11</td>
    </tr>
    <tr>
        <td title='com.motioncore.automationtests.IntegrationTest.tmWebCATTSSOLink()'><b>tmWebCATTSSOLink</b><br>Test
            class: com.motioncore.automationtests.IntegrationTest ()
        </td>
        <td></td>
        <td>14</td>
        <td>com.motioncore.automationtests.IntegrationTest@106faf11</td>
    </tr>
    <tr>
        <td title='com.motioncore.automationtests.IntegrationTest.tpmActivityStatsLink()'>
            <b>tpmActivityStatsLink</b><br>Test class: com.motioncore.automationtests.IntegrationTest ()
        </td>
        <td></td>
        <td>4</td>
        <td>com.motioncore.automationtests.IntegrationTest@106faf11</td>
    </tr>
    <tr>
        <td title='com.motioncore.automationtests.IntegrationTest.tpmAdminDashboardLink()'>
            <b>tpmAdminDashboardLink</b><br>Test class: com.motioncore.automationtests.IntegrationTest ()
        </td>
        <td></td>
        <td>4</td>
        <td>com.motioncore.automationtests.IntegrationTest@106faf11</td>
    </tr>
    <tr>
        <td title='com.motioncore.automationtests.IntegrationTest.tpmChangePasswordLink()'>
            <b>tpmChangePasswordLink</b><br>Test class: com.motioncore.automationtests.IntegrationTest ()
        </td>
        <td></td>
        <td>4</td>
        <td>com.motioncore.automationtests.IntegrationTest@106faf11</td>
    </tr>
    <tr>
        <td title='com.motioncore.automationtests.IntegrationTest.tpmComponents()'><b>tpmComponents</b><br>Test class:
            com.motioncore.automationtests.IntegrationTest ()
        </td>
        <td></td>
        <td>2</td>
        <td>com.motioncore.automationtests.IntegrationTest@106faf11</td>
    </tr>
    <tr>
        <td title='com.motioncore.automationtests.IntegrationTest.tpmUserProfileLink()'><b>tpmUserProfileLink</b><br>Test
            class: com.motioncore.automationtests.IntegrationTest ()
        </td>
        <td></td>
        <td>4</td>
        <td>com.motioncore.automationtests.IntegrationTest@106faf11</td>
    </tr>
    <tr>
        <td title='com.motioncore.automationtests.IntegrationTest.tpmWebCattSSO()'><b>tpmWebCattSSO</b><br>Test class:
            com.motioncore.automationtests.IntegrationTest ()
        </td>
        <td></td>
        <td>12</td>
        <td>com.motioncore.automationtests.IntegrationTest@106faf11</td>
    </tr>
    <tr>
        <td title='com.motioncore.automationtests.IntegrationTest.translatorAction()'><b>translatorAction</b><br>Test
            class: com.motioncore.automationtests.IntegrationTest ()
        </td>
        <td></td>
        <td>24</td>
        <td>com.motioncore.automationtests.IntegrationTest@106faf11</td>
    </tr>
</table>
<p>
</body>
</html>