<?xml version="1.0" encoding="UTF-8"?>
<!-- Generated by org.testng.reporters.JUnitXMLReporter -->
<testsuite hostname="PC-267" name="Test" tests="40" failures="2" timestamp="21 Nov 2018 19:48:21 GMT" time="362.595"
           errors="0">
    <testcase name="" time="1.062" classname="com.motioncore.automationtests.IntegrationTest"/>
    <testcase name="" time="0.159" classname="com.motioncore.automationtests.IntegrationTest"/>
    <testcase name="" time="6.574" classname="com.motioncore.automationtests.IntegrationTest"/>
    <testcase name="" time="2.716" classname="com.motioncore.automationtests.IntegrationTest"/>
    <testcase name="" time="4.453" classname="com.motioncore.automationtests.IntegrationTest"/>
    <testcase name="" time="4.692" classname="com.motioncore.automationtests.IntegrationTest"/>
    <testcase name="" time="4.529" classname="com.motioncore.automationtests.IntegrationTest"/>
    <testcase name="" time="4.518" classname="com.motioncore.automationtests.IntegrationTest"/>
    <testcase name="" time="12.377" classname="com.motioncore.automationtests.IntegrationTest"/>
    <testcase name="" time="13.186" classname="com.motioncore.automationtests.IntegrationTest"/>
    <testcase name="" time="5.536" classname="com.motioncore.automationtests.IntegrationTest"/>
    <testcase name="" time="7.122" classname="com.motioncore.automationtests.IntegrationTest"/>
    <testcase name="" time="7.534" classname="com.motioncore.automationtests.IntegrationTest"/>
    <testcase name="" time="14.303" classname="com.motioncore.automationtests.IntegrationTest"/>
    <testcase name="" time="6.668" classname="com.motioncore.automationtests.IntegrationTest"/>
    <testcase name="" time="0.7" classname="com.motioncore.automationtests.IntegrationTest"/>
    <testcase name="" time="4.445" classname="com.motioncore.automationtests.IntegrationTest"/>
    <testcase name="" time="7.926" classname="com.motioncore.automationtests.IntegrationTest"/>
    <testcase name="" time="3.273" classname="com.motioncore.automationtests.IntegrationTest"/>
    <testcase name="" time="10.874" classname="com.motioncore.automationtests.IntegrationTest"/>
    <testcase name="" time="5.541" classname="com.motioncore.automationtests.IntegrationTest"/>
    <testcase name="" time="8.03" classname="com.motioncore.automationtests.IntegrationTest"/>
    <testcase name="" time="7.737" classname="com.motioncore.automationtests.IntegrationTest"/>
    <testcase name="" time="18.472" classname="com.motioncore.automationtests.IntegrationTest"/>
    <testcase name="" time="12.982" classname="com.motioncore.automationtests.IntegrationTest"/>
    <testcase name="" time="13.261" classname="com.motioncore.automationtests.IntegrationTest"/>
    <testcase name="" time="1.844" classname="com.motioncore.automationtests.IntegrationTest"/>
    <testcase name="" time="1.206" classname="com.motioncore.automationtests.IntegrationTest"/>
    <testcase name="" time="1.366" classname="com.motioncore.automationtests.IntegrationTest"/>
    <testcase name="" time="1.222" classname="com.motioncore.automationtests.IntegrationTest"/>
    <testcase name="" time="1.212" classname="com.motioncore.automationtests.IntegrationTest"/>
    <testcase name="" time="1.196" classname="com.motioncore.automationtests.IntegrationTest"/>
    <testcase name="" time="1.259" classname="com.motioncore.automationtests.IntegrationTest"/>
    <testcase name="" time="5.197" classname="com.motioncore.automationtests.IntegrationTest"/>
    <testcase name="" time="5.239" classname="com.motioncore.automationtests.IntegrationTest"/>
    <testcase name="" time="5.749" classname="com.motioncore.automationtests.IntegrationTest"/>
    <testcase name="" time="10.889" classname="com.motioncore.automationtests.IntegrationTest">
        <failure type="com.motioncore.customexceptions.ElementNotPresentException"
                 message="Element is not present in DOM : (//li/a[@ng-if=&amp;apos;contractorOption.id &amp;gt; 0&amp;apos;])[1]">
            <![CDATA[com.motioncore.customexceptions.ElementNotPresentException: Element is not present in DOM : (//li/a[@ng-if='contractorOption.id > 0'])[1]
	at com.motioncore.automatedactions.WebDriverActions.click(WebDriverActions.java:221)
	at com.motioncore.automationtests.IntegrationTest.tmTaskAssignment(IntegrationTest.java:605)
... Removed 24 stack frames]]>
        </failure>
    </testcase> <!--  -->
    <testcase name="" time="92.092" classname="com.motioncore.automationtests.IntegrationTest">
        <failure type="org.openqa.selenium.StaleElementReferenceException" message="stale element reference: element is not attached to the page document
  (Session info: chrome=70.0.3538.102)
  (Driver info: chromedriver=71.0.3578.33 (269aa0e3f0db08097f0fe231c7e6be200b6939f7),platform=Windows NT 6.1.7601 SP1 x86_64) (WARNING: The server did not provide any stacktrace information)
Command duration or timeout: 0 milliseconds
For documentation on this error, please visit: http://seleniumhq.org/exceptions/stale_element_reference.html
Build info: version: &amp;apos;3.12.0&amp;apos;, revision: &amp;apos;7c6e0b3&amp;apos;, time: &amp;apos;2018-05-08T14:04:26.12Z&amp;apos;
System info: host: &amp;apos;PC-267&amp;apos;, ip: &amp;apos;192.168.2.192&amp;apos;, os.name: &amp;apos;Windows 7&amp;apos;, os.arch: &amp;apos;amd64&amp;apos;, os.version: &amp;apos;6.1&amp;apos;, java.version: &amp;apos;1.8.0_141&amp;apos;
Driver info: org.openqa.selenium.chrome.ChromeDriver
Capabilities {acceptInsecureCerts: false, acceptSslCerts: false, applicationCacheEnabled: false, browserConnectionEnabled: false, browserName: chrome, chrome: {chromedriverVersion: 71.0.3578.33 (269aa0e3f0db0..., userDataDir: C:\Users\nperez\AppData\Loc...}, cssSelectorsEnabled: true, databaseEnabled: false, goog:chromeOptions: {debuggerAddress: localhost:59117}, handlesAlerts: true, hasTouchScreen: false, javascriptEnabled: true, locationContextEnabled: true, mobileEmulationEnabled: false, nativeEvents: true, networkConnectionEnabled: false, pageLoadStrategy: normal, platform: XP, platformName: XP, rotatable: false, setWindowRect: true, takesHeapSnapshot: true, takesScreenshot: true, unexpectedAlertBehaviour: ignore, unhandledPromptBehavior: ignore, version: 70.0.3538.102, webStorageEnabled: true}
Session ID: bb47aaed399c730ddd7a7281124a1c9a">
            <![CDATA[org.openqa.selenium.StaleElementReferenceException: stale element reference: element is not attached to the page document
  (Session info: chrome=70.0.3538.102)
  (Driver info: chromedriver=71.0.3578.33 (269aa0e3f0db08097f0fe231c7e6be200b6939f7),platform=Windows NT 6.1.7601 SP1 x86_64) (WARNING: The server did not provide any stacktrace information)
Command duration or timeout: 0 milliseconds
For documentation on this error, please visit: http://seleniumhq.org/exceptions/stale_element_reference.html
Build info: version: '3.12.0', revision: '7c6e0b3', time: '2018-05-08T14:04:26.12Z'
System info: host: 'PC-267', ip: '192.168.2.192', os.name: 'Windows 7', os.arch: 'amd64', os.version: '6.1', java.version: '1.8.0_141'
Driver info: org.openqa.selenium.chrome.ChromeDriver
Capabilities {acceptInsecureCerts: false, acceptSslCerts: false, applicationCacheEnabled: false, browserConnectionEnabled: false, browserName: chrome, chrome: {chromedriverVersion: 71.0.3578.33 (269aa0e3f0db0..., userDataDir: C:\Users\nperez\AppData\Loc...}, cssSelectorsEnabled: true, databaseEnabled: false, goog:chromeOptions: {debuggerAddress: localhost:59117}, handlesAlerts: true, hasTouchScreen: false, javascriptEnabled: true, locationContextEnabled: true, mobileEmulationEnabled: false, nativeEvents: true, networkConnectionEnabled: false, pageLoadStrategy: normal, platform: XP, platformName: XP, rotatable: false, setWindowRect: true, takesHeapSnapshot: true, takesScreenshot: true, unexpectedAlertBehaviour: ignore, unhandledPromptBehavior: ignore, version: 70.0.3538.102, webStorageEnabled: true}
Session ID: bb47aaed399c730ddd7a7281124a1c9a
	at org.openqa.selenium.remote.ErrorHandler.createThrowable(ErrorHandler.java:214)
	at org.openqa.selenium.remote.ErrorHandler.throwIfResponseFailed(ErrorHandler.java:166)
	at org.openqa.selenium.remote.http.JsonHttpResponseCodec.reconstructValue(JsonHttpResponseCodec.java:40)
	at org.openqa.selenium.remote.http.AbstractHttpResponseCodec.decode(AbstractHttpResponseCodec.java:80)
	at org.openqa.selenium.remote.http.AbstractHttpResponseCodec.decode(AbstractHttpResponseCodec.java:44)
	at org.openqa.selenium.remote.HttpCommandExecutor.execute(HttpCommandExecutor.java:158)
	at org.openqa.selenium.remote.service.DriverCommandExecutor.execute(DriverCommandExecutor.java:83)
	at org.openqa.selenium.remote.RemoteWebDriver.execute(RemoteWebDriver.java:543)
	at org.openqa.selenium.remote.RemoteWebElement.execute(RemoteWebElement.java:276)
	at org.openqa.selenium.remote.RemoteWebElement.isDisplayed(RemoteWebElement.java:317)
	at com.motioncore.automatedactions.WebDriverActions.click(WebDriverActions.java:203)
	at com.motioncore.automationtests.IntegrationTest.tmContractorTaskAssignment(IntegrationTest.java:638)
... Removed 28 stack frames]]>
        </failure>
    </testcase> <!--  -->
    <testcase name="" time="24.321" classname="com.motioncore.automationtests.IntegrationTest"/>
    <testcase name="" time="21.081" classname="com.motioncore.automationtests.IntegrationTest"/>
</testsuite> <!-- Test -->
