<?xml version="1.0" encoding="UTF-8"?>
<!-- Generated by org.testng.reporters.JUnitXMLReporter -->
<testsuite hostname="MP-LAP-321" name="IntegrationTest" tests="39" failures="4" timestamp="12 Dec 2018 16:22:30 GMT"
           time="471.914" errors="0">
    <testcase name="accesLoginPage" time="1.128" classname="com.motioncore.automationtests.IntegrationTest"/>
    <testcase name="accesForgotPasswordPage" time="0.189" classname="com.motioncore.automationtests.IntegrationTest"/>
    <testcase name="tamLogin" time="5.594" classname="com.motioncore.automationtests.IntegrationTest"/>
    <testcase name="accountCoordinator" time="27.894" classname="com.motioncore.automationtests.IntegrationTest">
        <failure type="org.openqa.selenium.WebDriverException"
                 message="unknown error: Element &amp;lt;i class=&amp;quot;fa fa-list mp-view-type-list&amp;quot; aria-hidden=&amp;quot;true&amp;quot; title=&amp;quot;Advanced View&amp;quot; ng-click=&amp;quot;$ctrl.switchPageView(&amp;apos;advanced&amp;apos;)&amp;quot; role=&amp;quot;button&amp;quot; tabindex=&amp;quot;0&amp;quot;&amp;gt;&amp;lt;/i&amp;gt; is not clickable at point (693, 301). Other element would receive the click: &amp;lt;span class=&amp;quot;pull-left mp-view-type-advanced mp-view-type-list-advanced-selected&amp;quot; ng-class=&amp;quot;{&amp;apos;mp-view-type-list-advanced-selected&amp;apos; : $ctrl.vm.viewType === &amp;apos;advanced&amp;apos;}&amp;quot; style=&amp;quot;&amp;quot;&amp;gt;...&amp;lt;/span&amp;gt;
  (Session info: headless chrome=71.0.3578.80)
  (Driver info: chromedriver=72.0.3626.7 (efcef9a3ecda02b2132af215116a03852d08b9cb),platform=Windows NT 10.0.17134 x86_64) (WARNING: The server did not provide any stacktrace information)
Command duration or timeout: 0 milliseconds
Build info: version: &amp;apos;3.12.0&amp;apos;, revision: &amp;apos;7c6e0b3&amp;apos;, time: &amp;apos;2018-05-08T14:04:26.12Z&amp;apos;
System info: host: &amp;apos;MP-LAP-321&amp;apos;, ip: &amp;apos;192.168.0.175&amp;apos;, os.name: &amp;apos;Windows 10&amp;apos;, os.arch: &amp;apos;amd64&amp;apos;, os.version: &amp;apos;10.0&amp;apos;, java.version: &amp;apos;1.8.0_141&amp;apos;
Driver info: org.openqa.selenium.chrome.ChromeDriver
Capabilities {acceptInsecureCerts: false, acceptSslCerts: false, applicationCacheEnabled: false, browserConnectionEnabled: false, browserName: chrome, chrome: {chromedriverVersion: 72.0.3626.7 (efcef9a3ecda02..., userDataDir: C:\Users\nperez\AppData\Loc...}, cssSelectorsEnabled: true, databaseEnabled: false, goog:chromeOptions: {debuggerAddress: localhost:63167}, handlesAlerts: true, hasTouchScreen: false, javascriptEnabled: true, locationContextEnabled: true, mobileEmulationEnabled: false, nativeEvents: true, networkConnectionEnabled: false, pageLoadStrategy: normal, platform: XP, platformName: XP, proxy: Proxy(), rotatable: false, setWindowRect: true, takesHeapSnapshot: true, takesScreenshot: true, timeouts: {implicit: 0, pageLoad: 300000, script: 30000}, unexpectedAlertBehaviour: ignore, unhandledPromptBehavior: ignore, version: 71.0.3578.80, webStorageEnabled: true}
Session ID: d67672bd7b3f8738afe9956c07aca537">
            <![CDATA[org.openqa.selenium.WebDriverException: unknown error: Element <i class="fa fa-list mp-view-type-list" aria-hidden="true" title="Advanced View" ng-click="$ctrl.switchPageView('advanced')" role="button" tabindex="0"></i> is not clickable at point (693, 301). Other element would receive the click: <span class="pull-left mp-view-type-advanced mp-view-type-list-advanced-selected" ng-class="{'mp-view-type-list-advanced-selected' : $ctrl.vm.viewType === 'advanced'}" style="">...</span>
  (Session info: headless chrome=71.0.3578.80)
  (Driver info: chromedriver=72.0.3626.7 (efcef9a3ecda02b2132af215116a03852d08b9cb),platform=Windows NT 10.0.17134 x86_64) (WARNING: The server did not provide any stacktrace information)
Command duration or timeout: 0 milliseconds
Build info: version: '3.12.0', revision: '7c6e0b3', time: '2018-05-08T14:04:26.12Z'
System info: host: 'MP-LAP-321', ip: '192.168.0.175', os.name: 'Windows 10', os.arch: 'amd64', os.version: '10.0', java.version: '1.8.0_141'
Driver info: org.openqa.selenium.chrome.ChromeDriver
Capabilities {acceptInsecureCerts: false, acceptSslCerts: false, applicationCacheEnabled: false, browserConnectionEnabled: false, browserName: chrome, chrome: {chromedriverVersion: 72.0.3626.7 (efcef9a3ecda02..., userDataDir: C:\Users\nperez\AppData\Loc...}, cssSelectorsEnabled: true, databaseEnabled: false, goog:chromeOptions: {debuggerAddress: localhost:63167}, handlesAlerts: true, hasTouchScreen: false, javascriptEnabled: true, locationContextEnabled: true, mobileEmulationEnabled: false, nativeEvents: true, networkConnectionEnabled: false, pageLoadStrategy: normal, platform: XP, platformName: XP, proxy: Proxy(), rotatable: false, setWindowRect: true, takesHeapSnapshot: true, takesScreenshot: true, timeouts: {implicit: 0, pageLoad: 300000, script: 30000}, unexpectedAlertBehaviour: ignore, unhandledPromptBehavior: ignore, version: 71.0.3578.80, webStorageEnabled: true}
Session ID: d67672bd7b3f8738afe9956c07aca537
	at org.openqa.selenium.remote.ErrorHandler.createThrowable(ErrorHandler.java:214)
	at org.openqa.selenium.remote.ErrorHandler.throwIfResponseFailed(ErrorHandler.java:166)
	at org.openqa.selenium.remote.http.JsonHttpResponseCodec.reconstructValue(JsonHttpResponseCodec.java:40)
	at org.openqa.selenium.remote.http.AbstractHttpResponseCodec.decode(AbstractHttpResponseCodec.java:80)
	at org.openqa.selenium.remote.http.AbstractHttpResponseCodec.decode(AbstractHttpResponseCodec.java:44)
	at org.openqa.selenium.remote.HttpCommandExecutor.execute(HttpCommandExecutor.java:158)
	at org.openqa.selenium.remote.service.DriverCommandExecutor.execute(DriverCommandExecutor.java:83)
	at org.openqa.selenium.remote.RemoteWebDriver.execute(RemoteWebDriver.java:543)
	at org.openqa.selenium.remote.RemoteWebElement.execute(RemoteWebElement.java:276)
	at org.openqa.selenium.remote.RemoteWebElement.click(RemoteWebElement.java:83)
	at com.motioncore.automatedactions.WebDriverActions.click(WebDriverActions.java:201)
	at com.motioncore.automationtests.IntegrationTest.accountCoordinator(IntegrationTest.java:72)
... Removed 28 stack frames]]>
        </failure>
    </testcase> <!-- accountCoordinator -->
    <testcase name="tpmComponents" time="0.587" classname="com.motioncore.automationtests.IntegrationTest"/>
    <testcase name="tpmUserProfileLink" time="3.355" classname="com.motioncore.automationtests.IntegrationTest"/>
    <testcase name="tpmChangePasswordLink" time="1.46" classname="com.motioncore.automationtests.IntegrationTest"/>
    <testcase name="tpmAdminDashboardLink" time="3.625" classname="com.motioncore.automationtests.IntegrationTest"/>
    <testcase name="tpmActivityStatsLink" time="7.262" classname="com.motioncore.automationtests.IntegrationTest"/>
    <testcase name="tmComponents" time="5.882" classname="com.motioncore.automationtests.IntegrationTest"/>
    <testcase name="tmUserProfileLink" time="0.76" classname="com.motioncore.automationtests.IntegrationTest"/>
    <testcase name="tmChangePasswordLink" time="2.579" classname="com.motioncore.automationtests.IntegrationTest"/>
    <testcase name="tmImpersonateUserLink" time="0.798" classname="com.motioncore.automationtests.IntegrationTest"/>
    <testcase name="tmProductFeedbackLink" time="4.717" classname="com.motioncore.automationtests.IntegrationTest"/>
    <testcase name="tmHelpLink" time="3.457" classname="com.motioncore.automationtests.IntegrationTest"/>
    <testcase name="tmGlossaryPageAccess" time="7.607" classname="com.motioncore.automationtests.IntegrationTest"/>
    <testcase name="tmLiveEditAccess" time="3.937" classname="com.motioncore.automationtests.IntegrationTest"/>
    <testcase name="tmFeedbackDashboardAccess" time="2.839" classname="com.motioncore.automationtests.IntegrationTest"/>
    <testcase name="tmAdminToolsAccess" time="2.187" classname="com.motioncore.automationtests.IntegrationTest"/>
    <testcase name="tmTextBenchSettingsAccess" time="6.701" classname="com.motioncore.automationtests.IntegrationTest"/>
    <testcase name="contractorNonTranslatablesAccess" time="84.903"
              classname="com.motioncore.automationtests.IntegrationTest">
        <failure type="org.openqa.selenium.TimeoutException"
                 message="Expected condition failed: waiting for url to contain &amp;quot;/non-trans&amp;quot;. Current url: &amp;quot;https://control.dev.motionpoint.com/tm?o40dxmlow3i/#/task&amp;quot; (tried for 25 second(s) with 1000 milliseconds interval)
Build info: version: &amp;apos;3.12.0&amp;apos;, revision: &amp;apos;7c6e0b3&amp;apos;, time: &amp;apos;2018-05-08T14:04:26.12Z&amp;apos;
System info: host: &amp;apos;MP-LAP-321&amp;apos;, ip: &amp;apos;192.168.0.175&amp;apos;, os.name: &amp;apos;Windows 10&amp;apos;, os.arch: &amp;apos;amd64&amp;apos;, os.version: &amp;apos;10.0&amp;apos;, java.version: &amp;apos;1.8.0_141&amp;apos;
Driver info: org.openqa.selenium.chrome.ChromeDriver
Capabilities {acceptInsecureCerts: false, acceptSslCerts: false, applicationCacheEnabled: false, browserConnectionEnabled: false, browserName: chrome, chrome: {chromedriverVersion: 72.0.3626.7 (efcef9a3ecda02..., userDataDir: C:\Users\nperez\AppData\Loc...}, cssSelectorsEnabled: true, databaseEnabled: false, goog:chromeOptions: {debuggerAddress: localhost:63167}, handlesAlerts: true, hasTouchScreen: false, javascriptEnabled: true, locationContextEnabled: true, mobileEmulationEnabled: false, nativeEvents: true, networkConnectionEnabled: false, pageLoadStrategy: normal, platform: XP, platformName: XP, proxy: Proxy(), rotatable: false, setWindowRect: true, takesHeapSnapshot: true, takesScreenshot: true, timeouts: {implicit: 0, pageLoad: 300000, script: 30000}, unexpectedAlertBehaviour: ignore, unhandledPromptBehavior: ignore, version: 71.0.3578.80, webStorageEnabled: true}
Session ID: d67672bd7b3f8738afe9956c07aca537">
            <![CDATA[org.openqa.selenium.TimeoutException: Expected condition failed: waiting for url to contain "/non-trans". Current url: "https://control.dev.motionpoint.com/tm?o40dxmlow3i/#/task" (tried for 25 second(s) with 1000 milliseconds interval)
Build info: version: '3.12.0', revision: '7c6e0b3', time: '2018-05-08T14:04:26.12Z'
System info: host: 'MP-LAP-321', ip: '192.168.0.175', os.name: 'Windows 10', os.arch: 'amd64', os.version: '10.0', java.version: '1.8.0_141'
Driver info: org.openqa.selenium.chrome.ChromeDriver
Capabilities {acceptInsecureCerts: false, acceptSslCerts: false, applicationCacheEnabled: false, browserConnectionEnabled: false, browserName: chrome, chrome: {chromedriverVersion: 72.0.3626.7 (efcef9a3ecda02..., userDataDir: C:\Users\nperez\AppData\Loc...}, cssSelectorsEnabled: true, databaseEnabled: false, goog:chromeOptions: {debuggerAddress: localhost:63167}, handlesAlerts: true, hasTouchScreen: false, javascriptEnabled: true, locationContextEnabled: true, mobileEmulationEnabled: false, nativeEvents: true, networkConnectionEnabled: false, pageLoadStrategy: normal, platform: XP, platformName: XP, proxy: Proxy(), rotatable: false, setWindowRect: true, takesHeapSnapshot: true, takesScreenshot: true, timeouts: {implicit: 0, pageLoad: 300000, script: 30000}, unexpectedAlertBehaviour: ignore, unhandledPromptBehavior: ignore, version: 71.0.3578.80, webStorageEnabled: true}
Session ID: d67672bd7b3f8738afe9956c07aca537
	at org.openqa.selenium.support.ui.WebDriverWait.timeoutException(WebDriverWait.java:81)
	at org.openqa.selenium.support.ui.FluentWait.until(FluentWait.java:271)
	at com.motioncore.automatedactions.WebDriverActions.validateURL(WebDriverActions.java:269)
	at com.motioncore.automationtests.IntegrationTest.contractorNonTranslatablesAccess(IntegrationTest.java:405)
... Removed 24 stack frames]]>
        </failure>
    </testcase> <!-- contractorNonTranslatablesAccess -->
    <testcase name="contractorBannedTermsAccess" time="6.898"
              classname="com.motioncore.automationtests.IntegrationTest"/>
    <testcase name="contractorReportsAccess" time="10.645" classname="com.motioncore.automationtests.IntegrationTest"/>
    <testcase name="accessControlCenterPage" time="1.406" classname="com.motioncore.automationtests.IntegrationTest"/>
    <testcase name="accessCCAdminPage" time="1.17" classname="com.motioncore.automationtests.IntegrationTest"/>
    <testcase name="accessUserAdministrationPage" time="9.3"
              classname="com.motioncore.automationtests.IntegrationTest"/>
    <testcase name="accessGroupAdministrationPage" time="9.249"
              classname="com.motioncore.automationtests.IntegrationTest"/>
    <testcase name="accessCustomersPage" time="9.233" classname="com.motioncore.automationtests.IntegrationTest"/>
    <testcase name="accessContractorsPage" time="9.268" classname="com.motioncore.automationtests.IntegrationTest"/>
    <testcase name="accessUserAuditEventsPage" time="9.264" classname="com.motioncore.automationtests.IntegrationTest"/>
    <testcase name="accessApplicationsPage" time="9.249" classname="com.motioncore.automationtests.IntegrationTest"/>
    <testcase name="accessProjectConfigPage" time="9.306" classname="com.motioncore.automationtests.IntegrationTest"/>
    <testcase name="accessFelixbleWorkflowSetupPage" time="6.191"
              classname="com.motioncore.automationtests.IntegrationTest"/>
    <testcase name="tmTaskAssignment" time="21.284" classname="com.motioncore.automationtests.IntegrationTest"/>
    <testcase name="tmContractorTaskAssignment" time="59.768"
              classname="com.motioncore.automationtests.IntegrationTest">
        <failure type="org.openqa.selenium.StaleElementReferenceException" message="stale element reference: element is not attached to the page document
  (Session info: headless chrome=71.0.3578.80)
  (Driver info: chromedriver=72.0.3626.7 (efcef9a3ecda02b2132af215116a03852d08b9cb),platform=Windows NT 10.0.17134 x86_64) (WARNING: The server did not provide any stacktrace information)
Command duration or timeout: 0 milliseconds
For documentation on this error, please visit: http://seleniumhq.org/exceptions/stale_element_reference.html
Build info: version: &amp;apos;3.12.0&amp;apos;, revision: &amp;apos;7c6e0b3&amp;apos;, time: &amp;apos;2018-05-08T14:04:26.12Z&amp;apos;
System info: host: &amp;apos;MP-LAP-321&amp;apos;, ip: &amp;apos;192.168.0.175&amp;apos;, os.name: &amp;apos;Windows 10&amp;apos;, os.arch: &amp;apos;amd64&amp;apos;, os.version: &amp;apos;10.0&amp;apos;, java.version: &amp;apos;1.8.0_141&amp;apos;
Driver info: org.openqa.selenium.chrome.ChromeDriver
Capabilities {acceptInsecureCerts: false, acceptSslCerts: false, applicationCacheEnabled: false, browserConnectionEnabled: false, browserName: chrome, chrome: {chromedriverVersion: 72.0.3626.7 (efcef9a3ecda02..., userDataDir: C:\Users\nperez\AppData\Loc...}, cssSelectorsEnabled: true, databaseEnabled: false, goog:chromeOptions: {debuggerAddress: localhost:63167}, handlesAlerts: true, hasTouchScreen: false, javascriptEnabled: true, locationContextEnabled: true, mobileEmulationEnabled: false, nativeEvents: true, networkConnectionEnabled: false, pageLoadStrategy: normal, platform: XP, platformName: XP, proxy: Proxy(), rotatable: false, setWindowRect: true, takesHeapSnapshot: true, takesScreenshot: true, timeouts: {implicit: 0, pageLoad: 300000, script: 30000}, unexpectedAlertBehaviour: ignore, unhandledPromptBehavior: ignore, version: 71.0.3578.80, webStorageEnabled: true}
Session ID: d67672bd7b3f8738afe9956c07aca537">
            <![CDATA[org.openqa.selenium.StaleElementReferenceException: stale element reference: element is not attached to the page document
  (Session info: headless chrome=71.0.3578.80)
  (Driver info: chromedriver=72.0.3626.7 (efcef9a3ecda02b2132af215116a03852d08b9cb),platform=Windows NT 10.0.17134 x86_64) (WARNING: The server did not provide any stacktrace information)
Command duration or timeout: 0 milliseconds
For documentation on this error, please visit: http://seleniumhq.org/exceptions/stale_element_reference.html
Build info: version: '3.12.0', revision: '7c6e0b3', time: '2018-05-08T14:04:26.12Z'
System info: host: 'MP-LAP-321', ip: '192.168.0.175', os.name: 'Windows 10', os.arch: 'amd64', os.version: '10.0', java.version: '1.8.0_141'
Driver info: org.openqa.selenium.chrome.ChromeDriver
Capabilities {acceptInsecureCerts: false, acceptSslCerts: false, applicationCacheEnabled: false, browserConnectionEnabled: false, browserName: chrome, chrome: {chromedriverVersion: 72.0.3626.7 (efcef9a3ecda02..., userDataDir: C:\Users\nperez\AppData\Loc...}, cssSelectorsEnabled: true, databaseEnabled: false, goog:chromeOptions: {debuggerAddress: localhost:63167}, handlesAlerts: true, hasTouchScreen: false, javascriptEnabled: true, locationContextEnabled: true, mobileEmulationEnabled: false, nativeEvents: true, networkConnectionEnabled: false, pageLoadStrategy: normal, platform: XP, platformName: XP, proxy: Proxy(), rotatable: false, setWindowRect: true, takesHeapSnapshot: true, takesScreenshot: true, timeouts: {implicit: 0, pageLoad: 300000, script: 30000}, unexpectedAlertBehaviour: ignore, unhandledPromptBehavior: ignore, version: 71.0.3578.80, webStorageEnabled: true}
Session ID: d67672bd7b3f8738afe9956c07aca537
	at org.openqa.selenium.remote.ErrorHandler.createThrowable(ErrorHandler.java:214)
	at org.openqa.selenium.remote.ErrorHandler.throwIfResponseFailed(ErrorHandler.java:166)
	at org.openqa.selenium.remote.http.JsonHttpResponseCodec.reconstructValue(JsonHttpResponseCodec.java:40)
	at org.openqa.selenium.remote.http.AbstractHttpResponseCodec.decode(AbstractHttpResponseCodec.java:80)
	at org.openqa.selenium.remote.http.AbstractHttpResponseCodec.decode(AbstractHttpResponseCodec.java:44)
	at org.openqa.selenium.remote.HttpCommandExecutor.execute(HttpCommandExecutor.java:158)
	at org.openqa.selenium.remote.service.DriverCommandExecutor.execute(DriverCommandExecutor.java:83)
	at org.openqa.selenium.remote.RemoteWebDriver.execute(RemoteWebDriver.java:543)
	at org.openqa.selenium.remote.RemoteWebElement.execute(RemoteWebElement.java:276)
	at org.openqa.selenium.remote.RemoteWebElement.isDisplayed(RemoteWebElement.java:317)
	at com.motioncore.automatedactions.WebDriverActions.fill(WebDriverActions.java:233)
	at com.motioncore.automationtests.IntegrationTest.tmContractorTaskAssignment(IntegrationTest.java:645)
... Removed 28 stack frames]]>
        </failure>
    </testcase> <!-- tmContractorTaskAssignment -->
    <testcase name="translatorAction" time="29.542" classname="com.motioncore.automationtests.IntegrationTest"/>
    <testcase name="reviewerAction" time="44.526" classname="com.motioncore.automationtests.IntegrationTest"/>
    <testcase name="resetContractorTaskAssignment" time="30.327"
              classname="com.motioncore.automationtests.IntegrationTest">
        <failure type="org.openqa.selenium.TimeoutException"
                 message="Expected condition failed: waiting for title to contain &amp;quot;Tasks&amp;quot;. Current title: &amp;quot;Projects&amp;quot; (tried for 25 second(s) with 1000 milliseconds interval)
Build info: version: &amp;apos;3.12.0&amp;apos;, revision: &amp;apos;7c6e0b3&amp;apos;, time: &amp;apos;2018-05-08T14:04:26.12Z&amp;apos;
System info: host: &amp;apos;MP-LAP-321&amp;apos;, ip: &amp;apos;192.168.0.175&amp;apos;, os.name: &amp;apos;Windows 10&amp;apos;, os.arch: &amp;apos;amd64&amp;apos;, os.version: &amp;apos;10.0&amp;apos;, java.version: &amp;apos;1.8.0_141&amp;apos;
Driver info: org.openqa.selenium.chrome.ChromeDriver
Capabilities {acceptInsecureCerts: false, acceptSslCerts: false, applicationCacheEnabled: false, browserConnectionEnabled: false, browserName: chrome, chrome: {chromedriverVersion: 72.0.3626.7 (efcef9a3ecda02..., userDataDir: C:\Users\nperez\AppData\Loc...}, cssSelectorsEnabled: true, databaseEnabled: false, goog:chromeOptions: {debuggerAddress: localhost:63167}, handlesAlerts: true, hasTouchScreen: false, javascriptEnabled: true, locationContextEnabled: true, mobileEmulationEnabled: false, nativeEvents: true, networkConnectionEnabled: false, pageLoadStrategy: normal, platform: XP, platformName: XP, proxy: Proxy(), rotatable: false, setWindowRect: true, takesHeapSnapshot: true, takesScreenshot: true, timeouts: {implicit: 0, pageLoad: 300000, script: 30000}, unexpectedAlertBehaviour: ignore, unhandledPromptBehavior: ignore, version: 71.0.3578.80, webStorageEnabled: true}
Session ID: d67672bd7b3f8738afe9956c07aca537">
            <![CDATA[org.openqa.selenium.TimeoutException: Expected condition failed: waiting for title to contain "Tasks". Current title: "Projects" (tried for 25 second(s) with 1000 milliseconds interval)
Build info: version: '3.12.0', revision: '7c6e0b3', time: '2018-05-08T14:04:26.12Z'
System info: host: 'MP-LAP-321', ip: '192.168.0.175', os.name: 'Windows 10', os.arch: 'amd64', os.version: '10.0', java.version: '1.8.0_141'
Driver info: org.openqa.selenium.chrome.ChromeDriver
Capabilities {acceptInsecureCerts: false, acceptSslCerts: false, applicationCacheEnabled: false, browserConnectionEnabled: false, browserName: chrome, chrome: {chromedriverVersion: 72.0.3626.7 (efcef9a3ecda02..., userDataDir: C:\Users\nperez\AppData\Loc...}, cssSelectorsEnabled: true, databaseEnabled: false, goog:chromeOptions: {debuggerAddress: localhost:63167}, handlesAlerts: true, hasTouchScreen: false, javascriptEnabled: true, locationContextEnabled: true, mobileEmulationEnabled: false, nativeEvents: true, networkConnectionEnabled: false, pageLoadStrategy: normal, platform: XP, platformName: XP, proxy: Proxy(), rotatable: false, setWindowRect: true, takesHeapSnapshot: true, takesScreenshot: true, timeouts: {implicit: 0, pageLoad: 300000, script: 30000}, unexpectedAlertBehaviour: ignore, unhandledPromptBehavior: ignore, version: 71.0.3578.80, webStorageEnabled: true}
Session ID: d67672bd7b3f8738afe9956c07aca537
	at org.openqa.selenium.support.ui.WebDriverWait.timeoutException(WebDriverWait.java:81)
	at org.openqa.selenium.support.ui.FluentWait.until(FluentWait.java:271)
	at com.motioncore.automatedactions.WebDriverActions.validatePageTitle(WebDriverActions.java:300)
	at com.motioncore.automationtests.IntegrationTest.resetContractorTaskAssignment(IntegrationTest.java:776)
... Removed 24 stack frames]]>
        </failure>
    </testcase> <!-- resetContractorTaskAssignment -->
    <testcase name="resetTamTaskAssignment" time="17.791" classname="com.motioncore.automationtests.IntegrationTest"/>
</testsuite> <!-- IntegrationTest -->
