<?xml version="1.0" encoding="UTF-8"?>
<!-- Generated by org.testng.reporters.JUnitReportReporter -->
<testsuite hostname="MP-LAP-321" name="com.motioncore.automationtests.IntegrationTest" tests="39" failures="0"
           timestamp="13 Dec 2018 21:00:39 GMT" time="731.213" errors="1">
    <testcase name="tpmComponents" time="9.636" classname="com.motioncore.automationtests.IntegrationTest"/>
    <testcase name="tmUserProfileLink" time="14.700" classname="com.motioncore.automationtests.IntegrationTest"/>
    <testcase name="tmProductFeedbackLink" time="14.101" classname="com.motioncore.automationtests.IntegrationTest"/>
    <testcase name="tpmAdminDashboardLink" time="11.780" classname="com.motioncore.automationtests.IntegrationTest"/>
    <testcase name="accesForgotPasswordPage" time="5.593" classname="com.motioncore.automationtests.IntegrationTest"/>
    <testcase name="tmLiveEditAccess" time="14.373" classname="com.motioncore.automationtests.IntegrationTest"/>
    <testcase name="tmAdminToolsAccess" time="12.580" classname="com.motioncore.automationtests.IntegrationTest"/>
    <testcase name="accessUserAuditEventsPage" time="13.724"
              classname="com.motioncore.automationtests.IntegrationTest"/>
    <testcase name="tmImpersonateUserLink" time="14.209" classname="com.motioncore.automationtests.IntegrationTest"/>
    <testcase name="translatorAction" time="31.516" classname="com.motioncore.automationtests.IntegrationTest"/>
    <testcase name="accessCustomersPage" time="13.706" classname="com.motioncore.automationtests.IntegrationTest"/>
    <testcase name="tmChangePasswordLink" time="17.634" classname="com.motioncore.automationtests.IntegrationTest"/>
    <testcase name="tamLogin" time="9.688" classname="com.motioncore.automationtests.IntegrationTest"/>
    <testcase name="contractorNonTranslatablesAccess" time="22.712"
              classname="com.motioncore.automationtests.IntegrationTest"/>
    <testcase name="accessUserAdministrationPage" time="13.978"
              classname="com.motioncore.automationtests.IntegrationTest"/>
    <testcase name="accountManager" time="16.043" classname="com.motioncore.automationtests.IntegrationTest"/>
    <testcase name="tmGlossaryPageAccess" time="18.917" classname="com.motioncore.automationtests.IntegrationTest"/>
    <testcase name="tmTaskAssignment" time="41.634" classname="com.motioncore.automationtests.IntegrationTest"/>
    <testcase name="reviewerAction" time="76.893" classname="com.motioncore.automationtests.IntegrationTest">
        <error type="java.lang.IllegalArgumentException"
               message="Test executionno such element: Unable to locate element: {&quot;method&quot;:&quot;xpath&quot;,&quot;selector&quot;:&quot;//iframe[@class=&#039;cke_wysiwyg_frame cke_reset&#039;]&quot;}
  (Session info: headless chrome=71.0.3578.98)
  (Driver info: chromedriver=72.0.3626.7 (efcef9a3ecda02b2132af215116a03852d08b9cb),platform=Windows NT 10.0.17134 x86_64) (WARNING: The server did not provide any stacktrace information)
Command duration or timeout: 0 milliseconds
For documentation on this error, please visit: http://seleniumhq.org/exceptions/no_such_element.html
Build info: version: &#039;3.12.0&#039;, revision: &#039;7c6e0b3&#039;, time: &#039;2018-05-08T14:04:26.12Z&#039;
System info: host: &#039;MP-LAP-321&#039;, ip: &#039;192.168.0.175&#039;, os.name: &#039;Windows 10&#039;, os.arch: &#039;amd64&#039;, os.version: &#039;10.0&#039;, java.version: &#039;1.8.0_141&#039;
Driver info: org.openqa.selenium.chrome.ChromeDriver
Capabilities {acceptInsecureCerts: false, acceptSslCerts: false, applicationCacheEnabled: false, browserConnectionEnabled: false, browserName: chrome, chrome: {chromedriverVersion: 72.0.3626.7 (efcef9a3ecda02..., userDataDir: C:\Users\nperez\AppData\Loc...}, cssSelectorsEnabled: true, databaseEnabled: false, goog:chromeOptions: {debuggerAddress: localhost:60298}, handlesAlerts: true, hasTouchScreen: false, javascriptEnabled: true, locationContextEnabled: true, mobileEmulationEnabled: false, nativeEvents: true, networkConnectionEnabled: false, pageLoadStrategy: normal, platform: XP, platformName: XP, proxy: Proxy(), rotatable: false, setWindowRect: true, takesHeapSnapshot: true, takesScreenshot: true, timeouts: {implicit: 0, pageLoad: 300000, script: 30000}, unexpectedAlertBehaviour: ignore, unhandledPromptBehavior: ignore, version: 71.0.3578.98, webStorageEnabled: true}
Session ID: 1f48fb4f72a04268462bbf5e1138e0d4
*** Element info: {Using=xpath, value=//iframe[@class=&#039;cke_wysiwyg_frame cke_reset&#039;]}">
            <![CDATA[java.lang.IllegalArgumentException: Test executionno such element: Unable to locate element: {"method":"xpath","selector":"//iframe[@class='cke_wysiwyg_frame cke_reset']"}
  (Session info: headless chrome=71.0.3578.98)
  (Driver info: chromedriver=72.0.3626.7 (efcef9a3ecda02b2132af215116a03852d08b9cb),platform=Windows NT 10.0.17134 x86_64) (WARNING: The server did not provide any stacktrace information)
Command duration or timeout: 0 milliseconds
For documentation on this error, please visit: http://seleniumhq.org/exceptions/no_such_element.html
Build info: version: '3.12.0', revision: '7c6e0b3', time: '2018-05-08T14:04:26.12Z'
System info: host: 'MP-LAP-321', ip: '192.168.0.175', os.name: 'Windows 10', os.arch: 'amd64', os.version: '10.0', java.version: '1.8.0_141'
Driver info: org.openqa.selenium.chrome.ChromeDriver
Capabilities {acceptInsecureCerts: false, acceptSslCerts: false, applicationCacheEnabled: false, browserConnectionEnabled: false, browserName: chrome, chrome: {chromedriverVersion: 72.0.3626.7 (efcef9a3ecda02..., userDataDir: C:\Users\nperez\AppData\Loc...}, cssSelectorsEnabled: true, databaseEnabled: false, goog:chromeOptions: {debuggerAddress: localhost:60298}, handlesAlerts: true, hasTouchScreen: false, javascriptEnabled: true, locationContextEnabled: true, mobileEmulationEnabled: false, nativeEvents: true, networkConnectionEnabled: false, pageLoadStrategy: normal, platform: XP, platformName: XP, proxy: Proxy(), rotatable: false, setWindowRect: true, takesHeapSnapshot: true, takesScreenshot: true, timeouts: {implicit: 0, pageLoad: 300000, script: 30000}, unexpectedAlertBehaviour: ignore, unhandledPromptBehavior: ignore, version: 71.0.3578.98, webStorageEnabled: true}
Session ID: 1f48fb4f72a04268462bbf5e1138e0d4
*** Element info: {Using=xpath, value=//iframe[@class='cke_wysiwyg_frame cke_reset']}
	at com.motioncore.automationtests.IntegrationTest.reviewerAction(IntegrationTest.java:1136)
	at sun.reflect.NativeMethodAccessorImpl.invoke0(Native Method)
	at sun.reflect.NativeMethodAccessorImpl.invoke(NativeMethodAccessorImpl.java:62)
	at sun.reflect.DelegatingMethodAccessorImpl.invoke(DelegatingMethodAccessorImpl.java:43)
	at java.lang.reflect.Method.invoke(Method.java:498)
	at org.testng.internal.MethodInvocationHelper.invokeMethod(MethodInvocationHelper.java:86)
	at org.testng.internal.Invoker.invokeMethod(Invoker.java:643)
	at org.testng.internal.Invoker.invokeTestMethod(Invoker.java:820)
	at org.testng.internal.Invoker.invokeTestMethods(Invoker.java:1128)
	at org.testng.internal.TestMethodWorker.invokeTestMethods(TestMethodWorker.java:129)
	at org.testng.internal.TestMethodWorker.run(TestMethodWorker.java:112)
	at org.testng.TestRunner.privateRun(TestRunner.java:782)
	at org.testng.TestRunner.run(TestRunner.java:632)
	at org.testng.SuiteRunner.runTest(SuiteRunner.java:366)
	at org.testng.SuiteRunner.runSequentially(SuiteRunner.java:361)
	at org.testng.SuiteRunner.privateRun(SuiteRunner.java:319)
	at org.testng.SuiteRunner.run(SuiteRunner.java:268)
	at org.testng.SuiteRunnerWorker.runSuite(SuiteRunnerWorker.java:52)
	at org.testng.SuiteRunnerWorker.run(SuiteRunnerWorker.java:86)
	at org.testng.TestNG.runSuitesSequentially(TestNG.java:1244)
	at org.testng.TestNG.runSuitesLocally(TestNG.java:1169)
	at org.testng.TestNG.run(TestNG.java:1064)
	at org.testng.remote.AbstractRemoteTestNG.run(AbstractRemoteTestNG.java:114)
	at org.testng.remote.RemoteTestNG.initAndRun(RemoteTestNG.java:251)
	at org.testng.remote.RemoteTestNG.main(RemoteTestNG.java:77)
]]>
        </error>
    </testcase> <!-- reviewerAction -->
    <testcase name="tpmChangePasswordLink" time="12.231" classname="com.motioncore.automationtests.IntegrationTest"/>
    <testcase name="contractorBannedTermsAccess" time="22.785"
              classname="com.motioncore.automationtests.IntegrationTest"/>
    <testcase name="accessApplicationsPage" time="13.791" classname="com.motioncore.automationtests.IntegrationTest"/>
    <testcase name="resetTamTaskAssignment" time="29.613" classname="com.motioncore.automationtests.IntegrationTest"/>
    <testcase name="accessCCAdminPage" time="8.615" classname="com.motioncore.automationtests.IntegrationTest"/>
    <testcase name="accessContractorsPage" time="14.107" classname="com.motioncore.automationtests.IntegrationTest"/>
    <testcase name="tpmUserProfileLink" time="11.172" classname="com.motioncore.automationtests.IntegrationTest"/>
    <testcase name="accessFelixbleWorkflowSetupPage" time="13.594"
              classname="com.motioncore.automationtests.IntegrationTest"/>
    <testcase name="tmFeedbackDashboardAccess" time="15.591"
              classname="com.motioncore.automationtests.IntegrationTest"/>
    <testcase name="tmContractorTaskAssignment" time="52.226"
              classname="com.motioncore.automationtests.IntegrationTest"/>
    <testcase name="resetContractorTaskAssignment" time="45.047"
              classname="com.motioncore.automationtests.IntegrationTest"/>
    <testcase name="tmTextBenchSettingsAccess" time="12.951"
              classname="com.motioncore.automationtests.IntegrationTest"/>
    <testcase name="accessGroupAdministrationPage" time="13.891"
              classname="com.motioncore.automationtests.IntegrationTest"/>
    <testcase name="tmComponents" time="12.985" classname="com.motioncore.automationtests.IntegrationTest"/>
    <testcase name="tmHelpLink" time="12.738" classname="com.motioncore.automationtests.IntegrationTest"/>
    <testcase name="contractorReportsAccess" time="27.853" classname="com.motioncore.automationtests.IntegrationTest"/>
    <testcase name="accesLoginPage" time="6.786" classname="com.motioncore.automationtests.IntegrationTest"/>
    <testcase name="tpmActivityStatsLink" time="11.231" classname="com.motioncore.automationtests.IntegrationTest"/>
    <testcase name="accessControlCenterPage" time="6.850" classname="com.motioncore.automationtests.IntegrationTest"/>
    <testcase name="accessProjectConfigPage" time="13.739" classname="com.motioncore.automationtests.IntegrationTest"/>
</testsuite> <!-- com.motioncore.automationtests.IntegrationTest -->
